<?xml version="1.0" encoding="UTF-8"?>
<testng-results ignored="0" total="0" passed="0" failed="0" skipped="0">
  <reporter-output>
  </reporter-output>
  <suite started-at="2019-10-24T19:56:36 MSK" name="Command line suite" finished-at="2019-10-24T19:56:36 MSK" duration-ms="10">
    <groups>
    </groups>
    <test started-at="2019-10-24T19:56:36 MSK" name="Command line test" finished-at="2019-10-24T19:56:36 MSK" duration-ms="10">
    </test> <!-- Command line test -->
  </suite> <!-- Command line suite -->
</testng-results>
